[['-eps', '1'], ['-eps', '0.1'], ['-eps', '0.05'], ['-eps', '0.01'], ['-eps', '0.001'], ['-eps', '0.0001']]
['bio-SC-GT', 'com-dblp', 'com-friend', 'com-lj.ungraph', 'email', 'uk2002', 'webbase', 'youtube']
[['-path', '/mnt/data/yingli/DSD_Dataset/undirected/bio-SC-GT.txt'], ['-path', '/mnt/data/yingli/DSD_Dataset/undirected/com-dblp.txt'], ['-path', '/mnt/data/yingli/DSD_Dataset/undirected/com-friend.txt'], ['-path', '/mnt/data/yingli/DSD_Dataset/undirected/com-lj.ungraph.txt'], ['-path', '/mnt/data/yingli/DSD_Dataset/undirected/email.txt'], ['-path', '/mnt/data/yingli/DSD_Dataset/undirected/uk2002.txt'], ['-path', '/mnt/data/yingli/DSD_Dataset/undirected/webbase.txt'], ['-path', '/mnt/data/yingli/DSD_Dataset/undirected/youtube.txt']]
./DensestSubgraph -t u -a a -alloc fw-app -ext fw-app -ver fw-app -red fw-app -eps 1 -path /mnt/data/yingli/DSD_Dataset/undirected/bio-SC-GT.txt
Program output: T =1
T = 1
ratio_bound = 62.5 opt = 28.5228
T =2
T = 2
ratio_bound = 78.5 opt = 38.8759
T =4
T = 4
ratio_bound = 57.747 opt = 45.7778
time: 0.006001

./DensestSubgraph -t u -a a -alloc fw-app -ext fw-app -ver fw-app -red fw-app -eps 0.1 -path /mnt/data/yingli/DSD_Dataset/undirected/bio-SC-GT.txt
Program output: T =1
T = 1
ratio_bound = 62.5 opt = 28.5228
T =2
T = 2
ratio_bound = 78.5 opt = 38.8759
T =4
T = 4
ratio_bound = 57.747 opt = 45.7778
T =8
T = 8
ratio_bound = 52.1164 opt = 46.3867
T =16
T = 16
ratio_bound = 49.4047 opt = 46.4479
time: 0.012881

./DensestSubgraph -t u -a a -alloc fw-app -ext fw-app -ver fw-app -red fw-app -eps 0.05 -path /mnt/data/yingli/DSD_Dataset/undirected/bio-SC-GT.txt
Program output: T =1
T = 1
ratio_bound = 62.5 opt = 28.5228
T =2
T = 2
ratio_bound = 78.5 opt = 38.8759
T =4
T = 4
ratio_bound = 57.747 opt = 45.7778
T =8
T = 8
ratio_bound = 52.1164 opt = 46.3867
T =16
T = 16
ratio_bound = 49.4047 opt = 46.4479
T =32
T = 32
ratio_bound = 47.9216 opt = 46.4688
time: 0.019914

./DensestSubgraph -t u -a a -alloc fw-app -ext fw-app -ver fw-app -red fw-app -eps 0.01 -path /mnt/data/yingli/DSD_Dataset/undirected/bio-SC-GT.txt
Program output: T =1
T = 1
ratio_bound = 62.5 opt = 28.5228
T =2
T = 2
ratio_bound = 78.5 opt = 38.8759
T =4
T = 4
ratio_bound = 57.747 opt = 45.7778
T =8
T = 8
ratio_bound = 52.1164 opt = 46.3867
T =16
T = 16
ratio_bound = 49.4047 opt = 46.4479
T =32
T = 32
ratio_bound = 47.9216 opt = 46.4688
T =64
T = 64
ratio_bound = 47.1946 opt = 46.4856
T =128
T = 128
ratio_bound = 46.83 opt = 46.4959
time: 0.059276

./DensestSubgraph -t u -a a -alloc fw-app -ext fw-app -ver fw-app -red fw-app -eps 0.001 -path /mnt/data/yingli/DSD_Dataset/undirected/bio-SC-GT.txt
Program output: T =1
T = 1
ratio_bound = 62.5 opt = 28.5228
T =2
T = 2
ratio_bound = 78.5 opt = 38.8759
T =4
T = 4
ratio_bound = 57.747 opt = 45.7778
T =8
T = 8
ratio_bound = 52.1164 opt = 46.3867
T =16
T = 16
ratio_bound = 49.4047 opt = 46.4479
T =32
T = 32
ratio_bound = 47.9216 opt = 46.4688
T =64
T = 64
ratio_bound = 47.1946 opt = 46.4856
T =128
T = 128
ratio_bound = 46.83 opt = 46.4959
T =256
T = 256
ratio_bound = 46.6561 opt = 46.4959
T =512
T = 512
ratio_bound = 46.5775 opt = 46.4959
T =1024
T = 1024
ratio_bound = 46.5367 opt = 46.4959
time: 0.417069

./DensestSubgraph -t u -a a -alloc fw-app -ext fw-app -ver fw-app -red fw-app -eps 0.0001 -path /mnt/data/yingli/DSD_Dataset/undirected/bio-SC-GT.txt
Program output: T =1
T = 1
ratio_bound = 62.5 opt = 28.5228
T =2
T = 2
ratio_bound = 78.5 opt = 38.8759
T =4
T = 4
ratio_bound = 57.747 opt = 45.7778
T =8
T = 8
ratio_bound = 52.1164 opt = 46.3867
T =16
T = 16
ratio_bound = 49.4047 opt = 46.4479
T =32
T = 32
ratio_bound = 47.9216 opt = 46.4688
T =64
T = 64
ratio_bound = 47.1946 opt = 46.4856
T =128
T = 128
ratio_bound = 46.83 opt = 46.4959
T =256
T = 256
ratio_bound = 46.6561 opt = 46.4959
T =512
T = 512
ratio_bound = 46.5775 opt = 46.4959
T =1024
T = 1024
ratio_bound = 46.5367 opt = 46.4959
T =2048
T = 2048
ratio_bound = 46.5159 opt = 46.4959
T =4096
T = 4096
ratio_bound = 46.506 opt = 46.4959
T =8192
T = 8192
ratio_bound = 46.5008 opt = 46.4959
T =16384
T = 16384
ratio_bound = 46.4984 opt = 46.4959
time: 4.678993

./DensestSubgraph -t u -a a -alloc fw-app -ext fw-app -ver fw-app -red fw-app -eps 1 -path /mnt/data/yingli/DSD_Dataset/undirected/com-dblp.txt
Program output: T =1
T = 1
ratio_bound = 71 opt = 26.7902
T =2
T = 2
ratio_bound = 96.5179 opt = 11.5949
T =4
T = 4
ratio_bound = 61.4581 opt = 50.9214
time: 0.556109

./DensestSubgraph -t u -a a -alloc fw-app -ext fw-app -ver fw-app -red fw-app -eps 0.1 -path /mnt/data/yingli/DSD_Dataset/undirected/com-dblp.txt
Program output: T =1
T = 1
ratio_bound = 71 opt = 26.7902
T =2
T = 2
ratio_bound = 96.5179 opt = 11.5949
T =4
T = 4
ratio_bound = 61.4581 opt = 50.9214
T =8
T = 8
ratio_bound = 57.9585 opt = 53.7143
time: 0.641055

./DensestSubgraph -t u -a a -alloc fw-app -ext fw-app -ver fw-app -red fw-app -eps 0.05 -path /mnt/data/yingli/DSD_Dataset/undirected/com-dblp.txt
Program output: T =1
T = 1
ratio_bound = 71 opt = 26.7902
T =2
T = 2
ratio_bound = 96.5179 opt = 11.5949
T =4
T = 4
ratio_bound = 61.4581 opt = 50.9214
T =8
T = 8
ratio_bound = 57.9585 opt = 53.7143
T =16
T = 16
ratio_bound = 56.7322 opt = 53.7143
T =32
T = 32
ratio_bound = 56.6048 opt = 56.5652
time: 1.185698

./DensestSubgraph -t u -a a -alloc fw-app -ext fw-app -ver fw-app -red fw-app -eps 0.01 -path /mnt/data/yingli/DSD_Dataset/undirected/com-dblp.txt
Program output: T =1
T = 1
ratio_bound = 71 opt = 26.7902
T =2
T = 2
ratio_bound = 96.5179 opt = 11.5949
T =4
T = 4
ratio_bound = 61.4581 opt = 50.9214
T =8
T = 8
ratio_bound = 57.9585 opt = 53.7143
T =16
T = 16
ratio_bound = 56.7322 opt = 53.7143
T =32
T = 32
ratio_bound = 56.6048 opt = 56.5652
time: 1.188068

./DensestSubgraph -t u -a a -alloc fw-app -ext fw-app -ver fw-app -red fw-app -eps 0.001 -path /mnt/data/yingli/DSD_Dataset/undirected/com-dblp.txt
Program output: T =1
T = 1
ratio_bound = 71 opt = 26.7902
T =2
T = 2
ratio_bound = 96.5179 opt = 11.5949
T =4
T = 4
ratio_bound = 61.4581 opt = 50.9214
T =8
T = 8
ratio_bound = 57.9585 opt = 53.7143
T =16
T = 16
ratio_bound = 56.7322 opt = 53.7143
T =32
T = 32
ratio_bound = 56.6048 opt = 56.5652
time: 1.181857

./DensestSubgraph -t u -a a -alloc fw-app -ext fw-app -ver fw-app -red fw-app -eps 0.0001 -path /mnt/data/yingli/DSD_Dataset/undirected/com-dblp.txt
Program output: T =1
T = 1
ratio_bound = 71 opt = 26.7902
T =2
T = 2
ratio_bound = 96.5179 opt = 11.5949
T =4
T = 4
ratio_bound = 61.4581 opt = 50.9214
T =8
T = 8
ratio_bound = 57.9585 opt = 53.7143
T =16
T = 16
ratio_bound = 56.7322 opt = 53.7143
T =32
T = 32
ratio_bound = 56.6048 opt = 56.5652
T =64
T = 64
ratio_bound = 56.5753 opt = 56.5652
T =128
T = 128
ratio_bound = 56.5678 opt = 56.5652
time: 3.158323

./DensestSubgraph -t u -a a -alloc fw-app -ext fw-app -ver fw-app -red fw-app -eps 1 -path /mnt/data/yingli/DSD_Dataset/undirected/com-friend.txt
Program output: T =1
T = 1
ratio_bound = 618.651 opt = 110.272
T =2
T = 2
ratio_bound = 1978.05 opt = 121.909
T =4
T = 4
ratio_bound = 608.821 opt = 200.945
T =8
T = 8
ratio_bound = 453.725 opt = 227.915
time: 1148.775496

./DensestSubgraph -t u -a a -alloc fw-app -ext fw-app -ver fw-app -red fw-app -eps 0.1 -path /mnt/data/yingli/DSD_Dataset/undirected/com-friend.txt
Program output: T =1
T = 1
ratio_bound = 618.651 opt = 110.272
T =2
T = 2
ratio_bound = 1978.05 opt = 121.909
T =4
T = 4
ratio_bound = 608.821 opt = 200.945
T =8
T = 8
ratio_bound = 453.725 opt = 227.915
T =16
T = 16
ratio_bound = 347.798 opt = 269.056
T =32
T = 32
ratio_bound = 309.305 opt = 273.039
T =64
T = 64
ratio_bound = 290.958 opt = 273.338
time: 6227.298764

./DensestSubgraph -t u -a a -alloc fw-app -ext fw-app -ver fw-app -red fw-app -eps 0.05 -path /mnt/data/yingli/DSD_Dataset/undirected/com-friend.txt
Program output: T =1
T = 1
ratio_bound = 618.651 opt = 110.272
T =2
T = 2
ratio_bound = 1978.05 opt = 121.909
T =4
T = 4
ratio_bound = 608.821 opt = 200.945
T =8
T = 8
ratio_bound = 453.725 opt = 227.915
T =16
T = 16
ratio_bound = 347.798 opt = 269.056
T =32
T = 32
ratio_bound = 309.305 opt = 273.039
T =64
T = 64
ratio_bound = 290.958 opt = 273.338
T =128
T = 128
ratio_bound = 281.949 opt = 273.46
time: 13566.071496

./DensestSubgraph -t u -a a -alloc fw-app -ext fw-app -ver fw-app -red fw-app -eps 0.01 -path /mnt/data/yingli/DSD_Dataset/undirected/com-friend.txt
Program output: T =1
1934639
ratio_bound = 618.651 opt = 110.272
T =2
3692513
ratio_bound = 1978.05 opt = 121.909
T =4
441250
ratio_bound = 608.821 opt = 200.945
T =8
98393
ratio_bound = 453.725 opt = 227.915
T =16
55324
ratio_bound = 347.798 opt = 269.056
T =32
54156
ratio_bound = 309.305 opt = 273.039
T =64
51640
ratio_bound = 290.958 opt = 273.338
T =128
51134
ratio_bound = 281.949 opt = 273.46
T =256
49934
ratio_bound = 277.735 opt = 273.506
T =512
49583
ratio_bound = 275.597 opt = 273.516
time: 46856.959671

./DensestSubgraph -t u -a a -alloc fw-app -ext fw-app -ver fw-app -red fw-app -eps 0.001 -path /mnt/data/yingli/DSD_Dataset/undirected/com-friend.txt
Error running program: 
./DensestSubgraph -t u -a a -alloc fw-app -ext fw-app -ver fw-app -red fw-app -eps 0.0001 -path /mnt/data/yingli/DSD_Dataset/undirected/com-friend.txt
Error running program: 
./DensestSubgraph -t u -a a -alloc fw-app -ext fw-app -ver fw-app -red fw-app -eps 1 -path /mnt/data/yingli/DSD_Dataset/undirected/com-lj.ungraph.txt
Program output: io finished.
105.3753784057 3.2795248020
138.6090225564 5.6224384430
170.2466799469 8.7663521020
184.0003961965 13.3640716970
188.3310344828 20.8390171370
188.5770653514 34.0150224470
191.4130317717 58.7788709870
191.4544962080 105.7588427850
193.2015732547 198.4100755190
193.2027559055 378.2425947000
193.5136363636 731.7728455840
time: 11715.621160

./DensestSubgraph -t u -a a -alloc fw-app -ext fw-app -ver fw-app -red fw-app -eps 0.1 -path /mnt/data/yingli/DSD_Dataset/undirected/com-lj.ungraph.txt
Program output: io finished.
105.3753784057 3.3306874510
138.6090225564 5.6890535820
170.2466799469 8.8091789790
184.0003961965 13.3872776390
188.3310344828 20.7051664230
188.5770653514 34.0212120150
191.4130317717 59.2949160910
191.4544962080 108.4215745900
193.2015732547 203.3086867540
193.2027559055 395.7980623390
193.5136363636 782.5367666390
time: 13355.483620

./DensestSubgraph -t u -a a -alloc fw-app -ext fw-app -ver fw-app -red fw-app -eps 0.05 -path /mnt/data/yingli/DSD_Dataset/undirected/com-lj.ungraph.txt
Program output: io finished.
105.3753784057 3.5755078840
138.6090225564 6.1118200110
170.2466799469 9.4603728760
184.0003961965 14.3840962270
188.3310344828 22.3256978120
188.5770653514 36.6694059810
191.4130317717 63.9436400030
191.4544962080 116.0765284390
193.2015732547 218.0343947380
193.2027559055 414.8156220500
193.5136363636 805.4375410660
time: 13400.465504

./DensestSubgraph -t u -a a -alloc fw-app -ext fw-app -ver fw-app -red fw-app -eps 0.01 -path /mnt/data/yingli/DSD_Dataset/undirected/com-lj.ungraph.txt
Program output: io finished.
105.3753784057 3.5253441380
138.6090225564 6.0072585470
170.2466799469 9.2995440400
184.0003961965 14.1945144790
188.3310344828 22.2970104900
188.5770653514 36.7382302660
191.4130317717 65.1511270890
191.4544962080 118.5077893930
193.2015732547 222.9515775710
193.2027559055 426.5424136130
193.5136363636 827.3294976450
time: 11887.172578

./DensestSubgraph -t u -a a -alloc fw-app -ext fw-app -ver fw-app -red fw-app -eps 0.001 -path /mnt/data/yingli/DSD_Dataset/undirected/com-lj.ungraph.txt
Program output: io finished.
105.3753784057 3.3092249720
138.6090225564 5.7527436670
170.2466799469 9.2730358320
184.0003961965 14.0449296760
188.3310344828 21.8455715720
188.5770653514 35.8185278440
191.4130317717 62.3992374660
191.4544962080 113.8079779290
193.2015732547 216.8162275790
193.2027559055 405.3439297620
193.5136363636 768.6432194590
time: 11446.092366

./DensestSubgraph -t u -a a -alloc fw-app -ext fw-app -ver fw-app -red fw-app -eps 0.0001 -path /mnt/data/yingli/DSD_Dataset/undirected/com-lj.ungraph.txt
Program output: io finished.
105.3753784057 3.1358441730
138.6090225564 5.3825380960
170.2466799469 8.3329751740
184.0003961965 12.5968266390
188.3310344828 19.7064292000
188.5770653514 32.1807151840
191.4130317717 55.7429894340
191.4544962080 101.0935514830
193.2015732547 193.2195371850
193.2027559055 372.3481004810
193.5136363636 726.0953044360
time: 11912.585171

./DensestSubgraph -t u -a a -alloc fw-app -ext fw-app -ver fw-app -red fw-app -eps 1 -path /mnt/data/yingli/DSD_Dataset/undirected/email.txt
Program output: io finished.
26.1791720569 0.0201602220
29.6514285714 0.0348702020
33.2386081193 0.0508305150
35.2649164678 0.0690860030
36.2041484716 0.0945424250
36.9236111111 0.1325242710
37.2220520674 0.1962037850
37.2965403624 0.3142061300
37.3136915078 0.5433699090
37.3441441441 0.8598563200
time: 18875.954237

./DensestSubgraph -t u -a a -alloc fw-app -ext fw-app -ver fw-app -red fw-app -eps 0.1 -path /mnt/data/yingli/DSD_Dataset/undirected/email.txt
Program output: io finished.
26.1791720569 0.0219982280
29.6514285714 0.0371533330
33.2386081193 0.0536899250
35.2649164678 0.0726910840
36.2041484716 0.0991600630
36.9236111111 0.1396537440
37.2220520674 0.2079958550
37.2965403624 0.3351578220
37.3136915078 0.5715092360
37.3441441441 0.9825463530
time: 17217.586433

./DensestSubgraph -t u -a a -alloc fw-app -ext fw-app -ver fw-app -red fw-app -eps 0.05 -path /mnt/data/yingli/DSD_Dataset/undirected/email.txt
Program output: io finished.
26.1791720569 0.0193501060
29.6514285714 0.0338060030
33.2386081193 0.0492825620
35.2649164678 0.0669496370
36.2041484716 0.0912105780
36.9236111111 0.1278418250
37.2220520674 0.1893642870
37.2965403624 0.3020986590
37.3136915078 0.5169897810
37.3441441441 0.9355269150
time: 18529.734500

./DensestSubgraph -t u -a a -alloc fw-app -ext fw-app -ver fw-app -red fw-app -eps 0.01 -path /mnt/data/yingli/DSD_Dataset/undirected/email.txt
Program output: io finished.
26.1791720569 0.0194139920
29.6514285714 0.0337470490
33.2386081193 0.0490501380
35.2649164678 0.0665827650
36.2041484716 0.0907523870
36.9236111111 0.1273225530
37.2220520674 0.1893921930
37.2965403624 0.3021979320
37.3136915078 0.5164471000
37.3441441441 0.9351204540
time: 1084.023160

./DensestSubgraph -t u -a a -alloc fw-app -ext fw-app -ver fw-app -red fw-app -eps 0.001 -path /mnt/data/yingli/DSD_Dataset/undirected/email.txt
Program output: io finished.
22.4473197782 0.0140998890
30.5513784461 0.0246101430
36.3491311216 0.0352742530
37.1265822785 0.0488287530
37.2442244224 0.0677490220
37.3103448276 0.0980505420
37.3197278912 0.1538786520
37.3441441441 0.2539994320
time: 3.067239

./DensestSubgraph -t u -a a -alloc fw-app -ext fw-app -ver fw-app -red fw-app -eps 0.0001 -path /mnt/data/yingli/DSD_Dataset/undirected/email.txt
Program output: io finished.
22.4473197782 0.0142726390
30.5513784461 0.0247785480
36.3491311216 0.0352373390
37.1265822785 0.0487782840
37.2442244224 0.0678480300
37.3103448276 0.0983463910
37.3197278912 0.1516861640
37.3441441441 0.2537562670
time: 24.029905

./DensestSubgraph -t u -a a -alloc fw-app -ext fw-app -ver fw-app -red fw-app -eps 1 -path /mnt/data/yingli/DSD_Dataset/undirected/uk2002.txt
Program output: io finished.
168.8392857143 17.5055097390
307.1104294479 81.9450880370
time: 82.267563

./DensestSubgraph -t u -a a -alloc fw-app -ext fw-app -ver fw-app -red fw-app -eps 0.1 -path /mnt/data/yingli/DSD_Dataset/undirected/uk2002.txt
Program output: io finished.
168.8392857143 18.1783452850
307.1104294479 84.5741805120
457.9825102881 142.6234435700
time: 142.940284

./DensestSubgraph -t u -a a -alloc fw-app -ext fw-app -ver fw-app -red fw-app -eps 0.05 -path /mnt/data/yingli/DSD_Dataset/undirected/uk2002.txt
Program output: io finished.
168.8392857143 18.8868607710
307.1104294479 86.9689913720
457.9825102881 146.6911224970
time: 147.041159

./DensestSubgraph -t u -a a -alloc fw-app -ext fw-app -ver fw-app -red fw-app -eps 0.01 -path /mnt/data/yingli/DSD_Dataset/undirected/uk2002.txt
Program output: io finished.
168.8392857143 18.7259263100
307.1104294479 85.6153251180
457.9825102881 143.7304974760
471.0010582011 259.1575370070
time: 259.521393

./DensestSubgraph -t u -a a -alloc fw-app -ext fw-app -ver fw-app -red fw-app -eps 0.001 -path /mnt/data/yingli/DSD_Dataset/undirected/uk2002.txt
Program output: io finished.
168.8392857143 19.4305308710
307.1104294479 93.1092714930
457.9825102881 160.6569874470
471.0010582011 297.4399493410
471.5000000000 574.1869084380
time: 574.576499

./DensestSubgraph -t u -a a -alloc fw-app -ext fw-app -ver fw-app -red fw-app -eps 0.0001 -path /mnt/data/yingli/DSD_Dataset/undirected/uk2002.txt
Program output: io finished.
168.8392857143 21.4499413730
307.1104294479 97.6465082560
457.9825102881 165.4384556180
471.0010582011 298.1270029660
471.5000000000 564.3169952880
time: 564.790704

./DensestSubgraph -t u -a a -alloc fw-app -ext fw-app -ver fw-app -red fw-app -eps 1 -path /mnt/data/yingli/DSD_Dataset/undirected/webbase.txt
Program output: io finished.
298.2900473934 115.6363467480
372.6841988460 332.1451581640
672.9745727386 495.9158801400
time: 497.291010

./DensestSubgraph -t u -a a -alloc fw-app -ext fw-app -ver fw-app -red fw-app -eps 0.1 -path /mnt/data/yingli/DSD_Dataset/undirected/webbase.txt
Program output: io finished.
298.2900473934 89.6651283500
372.6841988460 254.4881987370
672.9745727386 397.1408506800
806.2179683512 639.0775696960
811.2025706941 1081.6198569970
time: 1082.870452

./DensestSubgraph -t u -a a -alloc fw-app -ext fw-app -ver fw-app -red fw-app -eps 0.05 -path /mnt/data/yingli/DSD_Dataset/undirected/webbase.txt
Program output: io finished.
298.2900473934 88.5623274870
372.6841988460 254.0473776390
672.9745727386 401.4284314930
806.2179683512 657.9584507650
811.2025706941 1113.0232893040
time: 1114.375546

./DensestSubgraph -t u -a a -alloc fw-app -ext fw-app -ver fw-app -red fw-app -eps 0.01 -path /mnt/data/yingli/DSD_Dataset/undirected/webbase.txt
Program output: io finished.
298.2900473934 90.8575228390
372.6841988460 256.0512979540
672.9745727386 398.4755978870
806.2179683512 630.6780860020
811.2025706941 1048.7731162010
811.8249357326 1833.0277401120
time: 1834.203407

./DensestSubgraph -t u -a a -alloc fw-app -ext fw-app -ver fw-app -red fw-app -eps 0.001 -path /mnt/data/yingli/DSD_Dataset/undirected/webbase.txt
Program output: io finished.
298.2900473934 84.7681745590
372.6841988460 240.3150163010
672.9745727386 375.8516015530
806.2179683512 601.4167424880
811.2025706941 1010.7340936510
811.8249357326 1780.3764699210
812.2700823893 3292.4378840900
816.7346221441 6113.8130113100
time: 6114.960986

./DensestSubgraph -t u -a a -alloc fw-app -ext fw-app -ver fw-app -red fw-app -eps 0.0001 -path /mnt/data/yingli/DSD_Dataset/undirected/webbase.txt
Program output: io finished.
298.2900473934 79.3823606020
372.6841988460 229.9790878390
672.9745727386 361.3562917320
806.2179683512 572.4093033050
811.2025706941 953.2847775200
811.8249357326 1664.1571959370
812.2700823893 3017.3548993320
816.7346221441 5685.3979147050
816.9223584355 10989.3434094570
time: 10990.443352

./DensestSubgraph -t u -a a -alloc fw-app -ext fw-app -ver fw-app -red fw-app -eps 1 -path /mnt/data/yingli/DSD_Dataset/undirected/youtube.txt
Program output: io finished.
27.4865071770 1.3676665540
41.8104117132 2.5022439120
61.0050947626 3.9010993370
72.4508310249 5.8479734380
77.1114754098 8.8183864770
time: 8.833610

./DensestSubgraph -t u -a a -alloc fw-app -ext fw-app -ver fw-app -red fw-app -eps 0.1 -path /mnt/data/yingli/DSD_Dataset/undirected/youtube.txt
Program output: io finished.
27.4865071770 1.3981298330
41.8104117132 2.5288194010
61.0050947626 3.9349126630
72.4508310249 5.8776594030
77.1114754098 8.9023117360
77.4682274247 13.9763704250
77.4683333333 23.2811043770
time: 23.295661

./DensestSubgraph -t u -a a -alloc fw-app -ext fw-app -ver fw-app -red fw-app -eps 0.05 -path /mnt/data/yingli/DSD_Dataset/undirected/youtube.txt
Program output: io finished.
27.4865071770 1.3582641720
41.8104117132 2.4936400340
61.0050947626 3.9031947950
72.4508310249 5.8807336480
77.1114754098 8.8641691110
77.4682274247 14.2754461220
77.4683333333 23.6542226410
time: 23.669875

./DensestSubgraph -t u -a a -alloc fw-app -ext fw-app -ver fw-app -red fw-app -eps 0.01 -path /mnt/data/yingli/DSD_Dataset/undirected/youtube.txt
Program output: io finished.
27.4865071770 1.3817049170
41.8104117132 2.5320895770
61.0050947626 3.9466678400
72.4508310249 5.8601037720
77.1114754098 8.8607490630
77.4682274247 13.9198169360
77.4683333333 23.1352607350
77.4683860233 40.7425163240
time: 75.138423

./DensestSubgraph -t u -a a -alloc fw-app -ext fw-app -ver fw-app -red fw-app -eps 0.001 -path /mnt/data/yingli/DSD_Dataset/undirected/youtube.txt
Program output: io finished.
27.4865071770 1.3782392280
41.8104117132 2.5800199910
61.0050947626 3.9876423270
72.4508310249 5.9264936530
77.1114754098 8.9136389800
77.4682274247 14.1111052140
77.4683333333 23.4649698190
77.4683860233 41.2528285490
77.4685138539 143.8477094430
77.4686716792 277.8047275360
time: 553.700933

./DensestSubgraph -t u -a a -alloc fw-app -ext fw-app -ver fw-app -red fw-app -eps 0.0001 -path /mnt/data/yingli/DSD_Dataset/undirected/youtube.txt
Program output: io finished.
27.4865071770 1.4151242980
41.8104117132 2.6031349420
61.0050947626 4.0651181830
72.4508310249 6.0810447370
77.1114754098 9.1970377530
77.4682274247 14.4778763770
77.4683333333 24.1061385060
77.4683860233 42.5252626710
77.4685138539 146.2956958320
77.4686716792 279.8782512670
time: 8520.075650

2952
T = 1
T = 2
T = 4
T = 8
Calling max flow
 res = 4.83549e+08
T = 16
Calling max flow
 res = 2.90649e+07
T = 32
T = 64
Calling max flow
 res = 2.90649e+07
T = 128
T = 256
T = 512
T = 1024
T = 2048
T = 4096
T = 8192
T = 16384
T = 32768
T = 65536
T = 131072
T = 262144
T = 524288
T = 1048576
T = 2097152
T = 4194304
